# JRE version: OpenJDK Runtime Environment Microsoft-11369865 (17.0.15+6) (build 17.0.15+6-LTS)
# Java VM: OpenJDK 64-Bit Server VM Microsoft-11369865 (17.0.15+6-LTS, mixed mode, emulated-client, sharing, tiered, compressed oops, compressed class ptrs, g1 gc, windows-amd64)
GC Precious Log:
 CPUs: 12 total, 12 available
 Memory: 7832M
 Large Page Support: Disabled
 NUMA Support: Disabled
 Compressed Oops: Enabled (32-bit)
 Heap Region Size: 1M
 Heap Min Capacity: 8M
 Heap Initial Capacity: 124M
 Heap Max Capacity: 1960M
 Pre-touch: Disabled
 Parallel Workers: 10
 Concurrent Workers: 3
 Concurrent Refinement Workers: 10
 Periodic GC: Disabled
Heap:
 garbage-first heap   total 107520K, used 75571K [0x0000000085800000, 0x0000000100000000)
  region size 1024K, 14 young (14336K), 4 survivors (4096K)
 Metaspace       used 81882K, committed 82560K, reserved 1179648K
  class space    used 12149K, committed 12480K, reserved 1048576K
GC Heap History (20 events):
Event: 9.334 GC heap before
{Heap before GC invocations=18 (full 0):
 garbage-first heap   total 73728K, used 58961K [0x0000000085800000, 0x0000000100000000)
  region size 1024K, 29 young (29696K), 3 survivors (3072K)
 Metaspace       used 64331K, committed 64960K, reserved 1114112K
  class space    used 9341K, committed 9664K, reserved 1048576K
}
Event: 9.341 GC heap after
{Heap after GC invocations=19 (full 0):
 garbage-first heap   total 73728K, used 32830K [0x0000000085800000, 0x0000000100000000)
  region size 1024K, 2 young (2048K), 2 survivors (2048K)
 Metaspace       used 64331K, committed 64960K, reserved 1114112K
  class space    used 9341K, committed 9664K, reserved 1048576K
}
Event: 9.773 GC heap before
{Heap before GC invocations=19 (full 0):
 garbage-first heap   total 73728K, used 58430K [0x0000000085800000, 0x0000000100000000)
  region size 1024K, 28 young (28672K), 2 survivors (2048K)
 Metaspace       used 65631K, committed 66304K, reserved 1114112K
  class space    used 9527K, committed 9856K, reserved 1048576K
}
Event: 9.778 GC heap after
{Heap after GC invocations=20 (full 0):
 garbage-first heap   total 73728K, used 33068K [0x0000000085800000, 0x0000000100000000)
  region size 1024K, 2 young (2048K), 2 survivors (2048K)
 Metaspace       used 65631K, committed 66304K, reserved 1114112K
  class space    used 9527K, committed 9856K, reserved 1048576K
}
Event: 10.806 GC heap before
{Heap before GC invocations=20 (full 0):
 garbage-first heap   total 73728K, used 60716K [0x0000000085800000, 0x0000000100000000)
  region size 1024K, 29 young (29696K), 2 survivors (2048K)
 Metaspace       used 69857K, committed 70528K, reserved 1114112K
  class space    used 10150K, committed 10496K, reserved 1048576K
}
Event: 10.815 GC heap after
{Heap after GC invocations=21 (full 0):
 garbage-first heap   total 89088K, used 34822K [0x0000000085800000, 0x0000000100000000)
  region size 1024K, 4 young (4096K), 4 survivors (4096K)
 Metaspace       used 69857K, committed 70528K, reserved 1114112K
  class space    used 10150K, committed 10496K, reserved 1048576K
}
Event: 11.640 GC heap before
{Heap before GC invocations=21 (full 0):
 garbage-first heap   total 89088K, used 72710K [0x0000000085800000, 0x0000000100000000)
  region size 1024K, 41 young (41984K), 4 survivors (4096K)
 Metaspace       used 74645K, committed 75328K, reserved 1114112K
  class space    used 10974K, committed 11264K, reserved 1048576K
}
Event: 11.654 GC heap after
{Heap after GC invocations=22 (full 0):
 garbage-first heap   total 89088K, used 37804K [0x0000000085800000, 0x0000000100000000)
  region size 1024K, 6 young (6144K), 6 survivors (6144K)
 Metaspace       used 74645K, committed 75328K, reserved 1114112K
  class space    used 10974K, committed 11264K, reserved 1048576K
}
Event: 12.095 GC heap before
{Heap before GC invocations=22 (full 0):
 garbage-first heap   total 89088K, used 70572K [0x0000000085800000, 0x0000000100000000)
  region size 1024K, 39 young (39936K), 6 survivors (6144K)
 Metaspace       used 78937K, committed 79616K, reserved 1179648K
  class space    used 11775K, committed 12096K, reserved 1048576K
}
Event: 12.109 GC heap after
{Heap after GC invocations=23 (full 0):
 garbage-first heap   total 89088K, used 39974K [0x0000000085800000, 0x0000000100000000)
  region size 1024K, 3 young (3072K), 3 survivors (3072K)
 Metaspace       used 78937K, committed 79616K, reserved 1179648K
  class space    used 11775K, committed 12096K, reserved 1048576K
}
Event: 12.710 GC heap before
{Heap before GC invocations=23 (full 0):
 garbage-first heap   total 89088K, used 71718K [0x0000000085800000, 0x0000000100000000)
  region size 1024K, 34 young (34816K), 3 survivors (3072K)
 Metaspace       used 80650K, committed 81280K, reserved 1179648K
  class space    used 11987K, committed 12288K, reserved 1048576K
}
Event: 12.715 GC heap after
{Heap after GC invocations=24 (full 0):
 garbage-first heap   total 89088K, used 41322K [0x0000000085800000, 0x0000000100000000)
  region size 1024K, 4 young (4096K), 4 survivors (4096K)
 Metaspace       used 80650K, committed 81280K, reserved 1179648K
  class space    used 11987K, committed 12288K, reserved 1048576K
}
Event: 14.005 GC heap before
{Heap before GC invocations=24 (full 0):
 garbage-first heap   total 89088K, used 73066K [0x0000000085800000, 0x0000000100000000)
  region size 1024K, 35 young (35840K), 4 survivors (4096K)
 Metaspace       used 81881K, committed 82560K, reserved 1179648K
  class space    used 12149K, committed 12480K, reserved 1048576K
}
Event: 14.010 GC heap after
{Heap after GC invocations=25 (full 0):
 garbage-first heap   total 89088K, used 45003K [0x0000000085800000, 0x0000000100000000)
  region size 1024K, 5 young (5120K), 5 survivors (5120K)
 Metaspace       used 81881K, committed 82560K, reserved 1179648K
  class space    used 12149K, committed 12480K, reserved 1048576K
}
Event: 14.291 GC heap before
{Heap before GC invocations=25 (full 0):
 garbage-first heap   total 89088K, used 71627K [0x0000000085800000, 0x0000000100000000)
  region size 1024K, 31 young (31744K), 5 survivors (5120K)
 Metaspace       used 81882K, committed 82560K, reserved 1179648K
  class space    used 12149K, committed 12480K, reserved 1048576K
}
Event: 14.300 GC heap after
{Heap after GC invocations=26 (full 0):
 garbage-first heap   total 89088K, used 53188K [0x0000000085800000, 0x0000000100000000)
  region size 1024K, 4 young (4096K), 4 survivors (4096K)
 Metaspace       used 81882K, committed 82560K, reserved 1179648K
  class space    used 12149K, committed 12480K, reserved 1048576K
}
Event: 14.360 GC heap before
{Heap before GC invocations=27 (full 0):
 garbage-first heap   total 107520K, used 69572K [0x0000000085800000, 0x0000000100000000)
  region size 1024K, 20 young (20480K), 4 survivors (4096K)
 Metaspace       used 81882K, committed 82560K, reserved 1179648K
  class space    used 12149K, committed 12480K, reserved 1048576K
}
Event: 14.368 GC heap after
{Heap after GC invocations=28 (full 0):
 garbage-first heap   total 107520K, used 59099K [0x0000000085800000, 0x0000000100000000)
  region size 1024K, 3 young (3072K), 3 survivors (3072K)
 Metaspace       used 81882K, committed 82560K, reserved 1179648K
  class space    used 12149K, committed 12480K, reserved 1048576K
}
Event: 14.674 GC heap before
{Heap before GC invocations=28 (full 0):
 garbage-first heap   total 107520K, used 82651K [0x0000000085800000, 0x0000000100000000)
  region size 1024K, 26 young (26624K), 3 survivors (3072K)
 Metaspace       used 81882K, committed 82560K, reserved 1179648K
  class space    used 12149K, committed 12480K, reserved 1048576K
}
Event: 14.681 GC heap after
{Heap after GC invocations=29 (full 0):
 garbage-first heap   total 107520K, used 66355K [0x0000000085800000, 0x0000000100000000)
  region size 1024K, 4 young (4096K), 4 survivors (4096K)
 Metaspace       used 81882K, committed 82560K, reserved 1179648K
  class space    used 12149K, committed 12480K, reserved 1048576K
}

